2025-06-06T09:01:38+00:00 DEBUG POST: https://ads.tiktok.com/marketing_api/api/developer/app/create_auto_approve/

{"business_platform":"PROD","smb_id":"tt4b_woocommerce_6842ae72d99a1httplocalhostSpeedTechwp-admin","smb_name":"PROD","redirect_url":"http:\/\/localhost\/SpeedTech\/wp-admin\/"}
 ajax: no
2025-06-06T09:01:39+00:00 DEBUG Tt4b_Mapi_Class::create_open_source_app: Response: 

HTTP/1.1 200 OK
Content-Type: application/json
X-Tt-Logid: 2025060609013708101C8538EB3E83633E,2025060609013708101C8538EB3E83633E
Strict-Transport-Security: max-age=31536000; includeSubDomains
Server-Timing: inner; dur=56
x-tt-trace-host: 010da141202bffdc7f101d6813c90b06530ca12eea695614c0b316fba7b0d0ead92eaffe3444842fa864cb0d56aee432b931000a4b5a251fd413dc5c2312c2ce3b446baf014830579c71930986af48df4d4f9973d66892a846664a4b782ee06b8a
x-tt-trace-id: 00-25060609013708101C8538EB3E83633E-751D0E244FCFF846-00
Server: TLB
Content-Encoding: gzip
Date: Fri, 06 Jun 2025 09:01:38 GMT
Content-Length: 210
X-Cache: TCP_MISS from a23-36-145-117.deploy.akamaitechnologies.com (AkamaiGHost/22.1.3-8650e75996d06b9eb43c0a748c733ac2) (-)
Connection: close
Vary: Accept-Encoding
x-tt-trace-tag: id=16;cdn-cache=miss;type=dyn
Server-Timing: cdn-cache; desc=MISS, edge; dur=3, origin; dur=104
X-Origin-Response-Time: 104,23.36.145.117
X-Akamai-Request-ID: 337b575a

{"code":0,"msg":"ok","data":{"redirect_uri":"http:\/\/localhost\/SpeedTech\/wp-admin\/","app_id":"7512758935888068616","external_data_key":"9006f369-4a16-47f5-8489-4cf90bb06730","app_secret":"eaabfc48fc9161649e648ac6de38ec08a01d5fab"}}

2025-06-06T09:06:13+00:00 DEBUG Tt4b_Pixel_Class::inject_add_to_cart_event: hit AddToCart
2025-06-06T09:06:13+00:00 DEBUG Tt4b_Pixel_Class::inject_add_to_cart_event: Missing option "access_token"
2025-06-06T09:06:23+00:00 DEBUG Tt4b_Pixel_Class::inject_initiate_checkout_event: hit InitiateCheckout
2025-06-06T09:06:23+00:00 DEBUG Tt4b_Pixel_Class::inject_initiate_checkout_event: Missing option "access_token"
2025-06-06T09:18:43+00:00 DEBUG Tt4b_Pixel_Class::inject_initiate_checkout_event: hit InitiateCheckout
2025-06-06T09:18:43+00:00 DEBUG Tt4b_Pixel_Class::inject_initiate_checkout_event: Missing option "access_token"
2025-06-06T09:25:20+00:00 DEBUG Tt4b_Pixel_Class::inject_initiate_checkout_event: hit InitiateCheckout
2025-06-06T09:25:20+00:00 DEBUG Tt4b_Pixel_Class::inject_initiate_checkout_event: Missing option "access_token"
2025-06-06T09:31:14+00:00 DEBUG Tt4b_Pixel_Class::inject_initiate_checkout_event: hit InitiateCheckout
2025-06-06T09:31:14+00:00 DEBUG Tt4b_Pixel_Class::inject_initiate_checkout_event: Missing option "access_token"
2025-06-06T09:33:37+00:00 DEBUG Tt4b_Pixel_Class::inject_initiate_checkout_event: hit InitiateCheckout
2025-06-06T09:33:37+00:00 DEBUG Tt4b_Pixel_Class::inject_initiate_checkout_event: Missing option "access_token"
