2025-06-06T09:45:01+00:00 CRITICAL Uncaught Error: Class "Mercyships_Elementor_Widgets" not found in C:\wamp64\www\SpeedTech\wp-content\themes\speedtech\speedtech-widget\widgets.php:52
Stack trace:
#0 C:\wamp64\www\SpeedTech\wp-includes\class-wp-hook.php(324): mercyships_elementor_init('')
#1 C:\wamp64\www\SpeedTech\wp-includes\class-wp-hook.php(348): WP_Hook->apply_filters(NULL, Array)
#2 C:\wamp64\www\SpeedTech\wp-includes\plugin.php(517): WP_Hook->do_action(Array)
#3 C:\wamp64\www\SpeedTech\wp-settings.php(727): do_action('init')
#4 C:\wamp64\www\SpeedTech\wp-config.php(88): require_once('C:\\wamp64\\www\\S...')
#5 C:\wamp64\www\SpeedTech\wp-load.php(50): require_once('C:\\wamp64\\www\\S...')
#6 C:\wamp64\www\SpeedTech\wp-blog-header.php(13): require_once('C:\\wamp64\\www\\S...')
#7 C:\wamp64\www\SpeedTech\index.php(17): require('C:\\wamp64\\www\\S...')
#8 {main}
  thrown in C:\wamp64\www\SpeedTech\wp-content\themes\speedtech\speedtech-widget\widgets.php on line 52

2025-06-06T09:45:01+00:00 CRITICAL Uncaught Error: Class "Mercyships_Elementor_Widgets" not found in C:\wamp64\www\SpeedTech\wp-content\themes\speedtech\speedtech-widget\widgets.php:52
Stack trace:
#0 C:\wamp64\www\SpeedTech\wp-includes\class-wp-hook.php(324): mercyships_elementor_init('')
#1 C:\wamp64\www\SpeedTech\wp-includes\class-wp-hook.php(348): WP_Hook->apply_filters(NULL, Array)
#2 C:\wamp64\www\SpeedTech\wp-includes\plugin.php(517): WP_Hook->do_action(Array)
#3 C:\wamp64\www\SpeedTech\wp-settings.php(727): do_action('init')
#4 C:\wamp64\www\SpeedTech\wp-config.php(88): require_once('C:\\wamp64\\www\\S...')
#5 C:\wamp64\www\SpeedTech\wp-load.php(50): require_once('C:\\wamp64\\www\\S...')
#6 C:\wamp64\www\SpeedTech\wp-blog-header.php(13): require_once('C:\\wamp64\\www\\S...')
#7 C:\wamp64\www\SpeedTech\index.php(17): require('C:\\wamp64\\www\\S...')
#8 {main}
  thrown in C:\wamp64\www\SpeedTech\wp-content\themes\speedtech\speedtech-widget\widgets.php on line 52

2025-06-06T09:45:01+00:00 CRITICAL Uncaught Error: Class "Mercyships_Elementor_Widgets" not found in C:\wamp64\www\SpeedTech\wp-content\themes\speedtech\speedtech-widget\widgets.php:52
Stack trace:
#0 C:\wamp64\www\SpeedTech\wp-includes\class-wp-hook.php(324): mercyships_elementor_init('')
#1 C:\wamp64\www\SpeedTech\wp-includes\class-wp-hook.php(348): WP_Hook->apply_filters(NULL, Array)
#2 C:\wamp64\www\SpeedTech\wp-includes\plugin.php(517): WP_Hook->do_action(Array)
#3 C:\wamp64\www\SpeedTech\wp-settings.php(727): do_action('init')
#4 C:\wamp64\www\SpeedTech\wp-config.php(88): require_once('C:\\wamp64\\www\\S...')
#5 C:\wamp64\www\SpeedTech\wp-load.php(50): require_once('C:\\wamp64\\www\\S...')
#6 C:\wamp64\www\SpeedTech\wp-admin\admin-ajax.php(22): require_once('C:\\wamp64\\www\\S...')
#7 {main}
  thrown in C:\wamp64\www\SpeedTech\wp-content\themes\speedtech\speedtech-widget\widgets.php on line 52

2025-06-06T09:45:01+00:00 CRITICAL Uncaught Error: Class "Mercyships_Elementor_Widgets" not found in C:\wamp64\www\SpeedTech\wp-content\themes\speedtech\speedtech-widget\widgets.php:52
Stack trace:
#0 C:\wamp64\www\SpeedTech\wp-includes\class-wp-hook.php(324): mercyships_elementor_init('')
#1 C:\wamp64\www\SpeedTech\wp-includes\class-wp-hook.php(348): WP_Hook->apply_filters(NULL, Array)
#2 C:\wamp64\www\SpeedTech\wp-includes\plugin.php(517): WP_Hook->do_action(Array)
#3 C:\wamp64\www\SpeedTech\wp-settings.php(727): do_action('init')
#4 C:\wamp64\www\SpeedTech\wp-config.php(88): require_once('C:\\wamp64\\www\\S...')
#5 C:\wamp64\www\SpeedTech\wp-load.php(50): require_once('C:\\wamp64\\www\\S...')
#6 C:\wamp64\www\SpeedTech\wp-admin\admin-ajax.php(22): require_once('C:\\wamp64\\www\\S...')
#7 {main}
  thrown in C:\wamp64\www\SpeedTech\wp-content\themes\speedtech\speedtech-widget\widgets.php on line 52

2025-06-06T09:45:03+00:00 CRITICAL Uncaught Error: Class "Mercyships_Elementor_Widgets" not found in C:\wamp64\www\SpeedTech\wp-content\themes\speedtech\speedtech-widget\widgets.php:52
Stack trace:
#0 C:\wamp64\www\SpeedTech\wp-includes\class-wp-hook.php(324): mercyships_elementor_init('')
#1 C:\wamp64\www\SpeedTech\wp-includes\class-wp-hook.php(348): WP_Hook->apply_filters(NULL, Array)
#2 C:\wamp64\www\SpeedTech\wp-includes\plugin.php(517): WP_Hook->do_action(Array)
#3 C:\wamp64\www\SpeedTech\wp-settings.php(727): do_action('init')
#4 C:\wamp64\www\SpeedTech\wp-config.php(88): require_once('C:\\wamp64\\www\\S...')
#5 C:\wamp64\www\SpeedTech\wp-load.php(50): require_once('C:\\wamp64\\www\\S...')
#6 C:\wamp64\www\SpeedTech\wp-admin\admin-ajax.php(22): require_once('C:\\wamp64\\www\\S...')
#7 {main}
  thrown in C:\wamp64\www\SpeedTech\wp-content\themes\speedtech\speedtech-widget\widgets.php on line 52

2025-06-06T09:45:03+00:00 CRITICAL Uncaught Error: Class "Mercyships_Elementor_Widgets" not found in C:\wamp64\www\SpeedTech\wp-content\themes\speedtech\speedtech-widget\widgets.php:52
Stack trace:
#0 C:\wamp64\www\SpeedTech\wp-includes\class-wp-hook.php(324): mercyships_elementor_init('')
#1 C:\wamp64\www\SpeedTech\wp-includes\class-wp-hook.php(348): WP_Hook->apply_filters(NULL, Array)
#2 C:\wamp64\www\SpeedTech\wp-includes\plugin.php(517): WP_Hook->do_action(Array)
#3 C:\wamp64\www\SpeedTech\wp-settings.php(727): do_action('init')
#4 C:\wamp64\www\SpeedTech\wp-config.php(88): require_once('C:\\wamp64\\www\\S...')
#5 C:\wamp64\www\SpeedTech\wp-load.php(50): require_once('C:\\wamp64\\www\\S...')
#6 C:\wamp64\www\SpeedTech\wp-admin\admin-ajax.php(22): require_once('C:\\wamp64\\www\\S...')
#7 {main}
  thrown in C:\wamp64\www\SpeedTech\wp-content\themes\speedtech\speedtech-widget\widgets.php on line 52

2025-06-06T09:45:27+00:00 CRITICAL Uncaught TypeError: call_user_func_array(): Argument #1 ($callback) must be a valid callback, class SpeedTech_Elementor_Widgets does not have a method "register_tags" in C:\wamp64\www\SpeedTech\wp-includes\class-wp-hook.php:324
Stack trace:
#0 C:\wamp64\www\SpeedTech\wp-includes\class-wp-hook.php(348): WP_Hook->apply_filters('', Array)
#1 C:\wamp64\www\SpeedTech\wp-includes\plugin.php(565): WP_Hook->do_action(Array)
#2 C:\wamp64\www\SpeedTech\wp-content\plugins\elementor\modules\dev-tools\deprecation.php(328): do_action_ref_array('elementor/dynam...', Array)
#3 C:\wamp64\www\SpeedTech\wp-content\plugins\elementor\core\dynamic-tags\manager.php(244): Elementor\Modules\DevTools\Deprecation->do_deprecated_action('elementor/dynam...', Array, '3.5.0', 'elementor/dynam...')
#4 C:\wamp64\www\SpeedTech\wp-content\plugins\elementor\core\dynamic-tags\manager.php(375): Elementor\Core\DynamicTags\Manager->get_tags()
#5 C:\wamp64\www\SpeedTech\wp-content\plugins\elementor\core\dynamic-tags\manager.php(391): Elementor\Core\DynamicTags\Manager->get_tags_config()
#6 C:\wamp64\www\SpeedTech\wp-content\plugins\elementor\core\editor\loader\common\editor-common-scripts-settings.php(89): Elementor\Core\DynamicTags\Manager->get_config()
#7 C:\wamp64\www\SpeedTech\wp-content\plugins\elementor\core\editor\loader\v2\editor-v2-loader.php(166): Elementor\Core\Editor\Loader\Common\Editor_Common_Scripts_Settings::get()
#8 C:\wamp64\www\SpeedTech\wp-content\plugins\elementor\core\editor\editor.php(364): Elementor\Core\Editor\Loader\V2\Editor_V2_Loader->enqueue_scripts()
#9 C:\wamp64\www\SpeedTech\wp-includes\class-wp-hook.php(324): Elementor\Core\Editor\Editor->enqueue_scripts('')
#10 C:\wamp64\www\SpeedTech\wp-includes\class-wp-hook.php(348): WP_Hook->apply_filters('', Array)
#11 C:\wamp64\www\SpeedTech\wp-includes\plugin.php(517): WP_Hook->do_action(Array)
#12 C:\wamp64\www\SpeedTech\wp-includes\script-loader.php(2299): do_action('wp_enqueue_scri...')
#13 C:\wamp64\www\SpeedTech\wp-includes\class-wp-hook.php(324): wp_enqueue_scripts('')
#14 C:\wamp64\www\SpeedTech\wp-includes\class-wp-hook.php(348): WP_Hook->apply_filters('', Array)
#15 C:\wamp64\www\SpeedTech\wp-includes\plugin.php(517): WP_Hook->do_action(Array)
#16 C:\wamp64\www\SpeedTech\wp-includes\general-template.php(3192): do_action('wp_head')
#17 C:\wamp64\www\SpeedTech\wp-content\plugins\elementor\includes\editor-templates\editor-wrapper.php(31): wp_head()
#18 C:\wamp64\www\SpeedTech\wp-content\plugins\elementor\core\editor\loader\v2\editor-v2-loader.php(216): include('C:\\wamp64\\www\\S...')
#19 C:\wamp64\www\SpeedTech\wp-content\plugins\elementor\core\editor\editor.php(169): Elementor\Core\Editor\Loader\V2\Editor_V2_Loader->print_root_template()
#20 C:\wamp64\www\SpeedTech\wp-includes\class-wp-hook.php(324): Elementor\Core\Editor\Editor->init('')
#21 C:\wamp64\www\SpeedTech\wp-includes\class-wp-hook.php(348): WP_Hook->apply_filters('', Array)
#22 C:\wamp64\www\SpeedTech\wp-includes\plugin.php(517): WP_Hook->do_action(Array)
#23 C:\wamp64\www\SpeedTech\wp-admin\admin.php(420): do_action('admin_action_el...')
#24 C:\wamp64\www\SpeedTech\wp-admin\post.php(12): require_once('C:\\wamp64\\www\\S...')
#25 {main}
  thrown in C:\wamp64\www\SpeedTech\wp-includes\class-wp-hook.php on line 324

2025-06-06T09:45:27+00:00 CRITICAL Uncaught TypeError: call_user_func_array(): Argument #1 ($callback) must be a valid callback, class SpeedTech_Elementor_Widgets does not have a method "register_tags" in C:\wamp64\www\SpeedTech\wp-includes\class-wp-hook.php:324
Stack trace:
#0 C:\wamp64\www\SpeedTech\wp-includes\class-wp-hook.php(348): WP_Hook->apply_filters('', Array)
#1 C:\wamp64\www\SpeedTech\wp-includes\plugin.php(565): WP_Hook->do_action(Array)
#2 C:\wamp64\www\SpeedTech\wp-content\plugins\elementor\modules\dev-tools\deprecation.php(328): do_action_ref_array('elementor/dynam...', Array)
#3 C:\wamp64\www\SpeedTech\wp-content\plugins\elementor\core\dynamic-tags\manager.php(244): Elementor\Modules\DevTools\Deprecation->do_deprecated_action('elementor/dynam...', Array, '3.5.0', 'elementor/dynam...')
#4 C:\wamp64\www\SpeedTech\wp-content\plugins\elementor\core\dynamic-tags\manager.php(375): Elementor\Core\DynamicTags\Manager->get_tags()
#5 C:\wamp64\www\SpeedTech\wp-content\plugins\elementor\core\dynamic-tags\manager.php(391): Elementor\Core\DynamicTags\Manager->get_tags_config()
#6 C:\wamp64\www\SpeedTech\wp-content\plugins\elementor\core\editor\loader\common\editor-common-scripts-settings.php(89): Elementor\Core\DynamicTags\Manager->get_config()
#7 C:\wamp64\www\SpeedTech\wp-content\plugins\elementor\core\editor\loader\v2\editor-v2-loader.php(166): Elementor\Core\Editor\Loader\Common\Editor_Common_Scripts_Settings::get()
#8 C:\wamp64\www\SpeedTech\wp-content\plugins\elementor\core\editor\editor.php(364): Elementor\Core\Editor\Loader\V2\Editor_V2_Loader->enqueue_scripts()
#9 C:\wamp64\www\SpeedTech\wp-includes\class-wp-hook.php(324): Elementor\Core\Editor\Editor->enqueue_scripts('')
#10 C:\wamp64\www\SpeedTech\wp-includes\class-wp-hook.php(348): WP_Hook->apply_filters('', Array)
#11 C:\wamp64\www\SpeedTech\wp-includes\plugin.php(517): WP_Hook->do_action(Array)
#12 C:\wamp64\www\SpeedTech\wp-includes\script-loader.php(2299): do_action('wp_enqueue_scri...')
#13 C:\wamp64\www\SpeedTech\wp-includes\class-wp-hook.php(324): wp_enqueue_scripts('')
#14 C:\wamp64\www\SpeedTech\wp-includes\class-wp-hook.php(348): WP_Hook->apply_filters('', Array)
#15 C:\wamp64\www\SpeedTech\wp-includes\plugin.php(517): WP_Hook->do_action(Array)
#16 C:\wamp64\www\SpeedTech\wp-includes\general-template.php(3192): do_action('wp_head')
#17 C:\wamp64\www\SpeedTech\wp-content\plugins\elementor\includes\editor-templates\editor-wrapper.php(31): wp_head()
#18 C:\wamp64\www\SpeedTech\wp-content\plugins\elementor\core\editor\loader\v2\editor-v2-loader.php(216): include('C:\\wamp64\\www\\S...')
#19 C:\wamp64\www\SpeedTech\wp-content\plugins\elementor\core\editor\editor.php(169): Elementor\Core\Editor\Loader\V2\Editor_V2_Loader->print_root_template()
#20 C:\wamp64\www\SpeedTech\wp-includes\class-wp-hook.php(324): Elementor\Core\Editor\Editor->init('')
#21 C:\wamp64\www\SpeedTech\wp-includes\class-wp-hook.php(348): WP_Hook->apply_filters('', Array)
#22 C:\wamp64\www\SpeedTech\wp-includes\plugin.php(517): WP_Hook->do_action(Array)
#23 C:\wamp64\www\SpeedTech\wp-admin\admin.php(420): do_action('admin_action_el...')
#24 C:\wamp64\www\SpeedTech\wp-admin\post.php(12): require_once('C:\\wamp64\\www\\S...')
#25 {main}
  thrown in C:\wamp64\www\SpeedTech\wp-includes\class-wp-hook.php on line 324

2025-06-07T01:23:18+00:00 CRITICAL syntax error, unexpected token ")" in C:\wamp64\www\SpeedTech\wp-content\themes\speedtech\speedtech-widget\widget_popup_account.php on line 117

2025-06-07T01:23:18+00:00 CRITICAL syntax error, unexpected token ")" in C:\wamp64\www\SpeedTech\wp-content\themes\speedtech\speedtech-widget\widget_popup_account.php on line 117

2025-06-07T01:23:19+00:00 CRITICAL syntax error, unexpected token ")" in C:\wamp64\www\SpeedTech\wp-content\themes\speedtech\speedtech-widget\widget_popup_account.php on line 117

2025-06-07T01:23:19+00:00 CRITICAL syntax error, unexpected token ")" in C:\wamp64\www\SpeedTech\wp-content\themes\speedtech\speedtech-widget\widget_popup_account.php on line 117

2025-06-07T01:23:29+00:00 CRITICAL syntax error, unexpected token ")" in C:\wamp64\www\SpeedTech\wp-content\themes\speedtech\speedtech-widget\widget_popup_account.php on line 117

2025-06-07T01:23:29+00:00 CRITICAL syntax error, unexpected token ")" in C:\wamp64\www\SpeedTech\wp-content\themes\speedtech\speedtech-widget\widget_popup_account.php on line 117

2025-06-07T01:25:06+00:00 CRITICAL syntax error, unexpected token ")" in C:\wamp64\www\SpeedTech\wp-content\themes\speedtech\speedtech-widget\widget_popup_account.php on line 117

2025-06-07T01:25:06+00:00 CRITICAL syntax error, unexpected token ")" in C:\wamp64\www\SpeedTech\wp-content\themes\speedtech\speedtech-widget\widget_popup_account.php on line 117

2025-06-07T01:25:07+00:00 CRITICAL syntax error, unexpected token ")" in C:\wamp64\www\SpeedTech\wp-content\themes\speedtech\speedtech-widget\widget_popup_account.php on line 117

2025-06-07T01:25:07+00:00 CRITICAL syntax error, unexpected token ")" in C:\wamp64\www\SpeedTech\wp-content\themes\speedtech\speedtech-widget\widget_popup_account.php on line 117

2025-06-07T01:25:17+00:00 CRITICAL syntax error, unexpected token ")" in C:\wamp64\www\SpeedTech\wp-content\themes\speedtech\speedtech-widget\widget_popup_account.php on line 117

2025-06-07T01:25:17+00:00 CRITICAL syntax error, unexpected token ")" in C:\wamp64\www\SpeedTech\wp-content\themes\speedtech\speedtech-widget\widget_popup_account.php on line 117

